<?xml version="1.0" encoding="utf-8"?><testsuites name="pytest tests"><testsuite name="pytest" errors="0" failures="0" skipped="0" tests="9" time="1.542" timestamp="2026-03-11T14:28:20.070686+00:00" hostname="agent-env-f61b429b-208e-481e-a3a2-54a8974eea97"><testcase classname="backend.tests.test_warehouse_core_api.TestWarehouseCoreApi" name="test_demo_login_admin_and_permissions" time="0.380" /><testcase classname="backend.tests.test_warehouse_core_api.TestWarehouseCoreApi" name="test_dashboard_overview_loads_for_manager" time="0.087" /><testcase classname="backend.tests.test_warehouse_core_api.TestWarehouseCoreApi" name="test_inventory_filter_and_search" time="0.126" /><testcase classname="backend.tests.test_warehouse_core_api.TestWarehouseCoreApi" name="test_inventory_update_persists_for_manager" time="0.247" /><testcase classname="backend.tests.test_warehouse_core_api.TestWarehouseCoreApi" name="test_orders_list_and_status_progression" time="0.185" /><testcase classname="backend.tests.test_warehouse_core_api.TestWarehouseCoreApi" name="test_route_optimization_generation" time="0.119" /><testcase classname="backend.tests.test_warehouse_core_api.TestWarehouseCoreApi" name="test_analytics_allowed_for_manager" time="0.057" /><testcase classname="backend.tests.test_warehouse_core_api.TestWarehouseCoreApi" name="test_analytics_forbidden_for_staff" time="0.080" /><testcase classname="backend.tests.test_warehouse_core_api.TestWarehouseCoreApi" name="test_alerts_severity_filter" time="0.062" /></testsuite></testsuites>