<?xml version="1.0" encoding="utf-8"?><testsuites name="pytest tests"><testsuite name="pytest" errors="0" failures="0" skipped="0" tests="21" time="2.988" timestamp="2026-03-13T14:47:01.748891+00:00" hostname="agent-env-f61b429b-208e-481e-a3a2-54a8974eea97"><testcase classname="backend.tests.test_layout_module_api.TestLayoutModuleApi" name="test_layout_state_returns_configurable_grid" time="0.349" /><testcase classname="backend.tests.test_layout_module_api.TestLayoutModuleApi" name="test_configure_updates_rows_cols_height_and_strategy" time="0.068" /><testcase classname="backend.tests.test_layout_module_api.TestLayoutModuleApi" name="test_sample_seed_replace_and_append_without_duplicates" time="0.174" /><testcase classname="backend.tests.test_layout_module_api.TestLayoutModuleApi" name="test_add_containers_validates_unique_ids" time="0.105" /><testcase classname="backend.tests.test_layout_module_api.TestLayoutModuleApi" name="test_add_containers_validates_existing_duplicate_ids" time="0.166" /><testcase classname="backend.tests.test_layout_module_api.TestLayoutModuleApi" name="test_add_containers_applies_stacking_rules_and_height_limit" time="0.110" /><testcase classname="backend.tests.test_layout_module_api.TestLayoutModuleApi" name="test_retrieval_simulation_returns_blockers_movements_and_steps" time="0.159" /><testcase classname="backend.tests.test_layout_module_api.TestLayoutModuleApi" name="test_metrics_consistency_space_and_movement_averages" time="0.110" /><testcase classname="backend.tests.test_layout_module_api.TestLayoutModuleApi" name="test_staff_can_access_layout_but_not_analytics" time="0.176" /><testcase classname="backend.tests.test_warehouse_core_api.TestWarehouseCoreApi" name="test_demo_login_admin_and_permissions" time="0.177" /><testcase classname="backend.tests.test_warehouse_core_api.TestWarehouseCoreApi" name="test_dashboard_overview_loads_for_manager" time="0.061" /><testcase classname="backend.tests.test_warehouse_core_api.TestWarehouseCoreApi" name="test_inventory_filter_and_search" time="0.123" /><testcase classname="backend.tests.test_warehouse_core_api.TestWarehouseCoreApi" name="test_inventory_update_persists_for_manager" time="0.180" /><testcase classname="backend.tests.test_warehouse_core_api.TestWarehouseCoreApi" name="test_orders_list_and_status_progression" time="0.279" /><testcase classname="backend.tests.test_warehouse_core_api.TestWarehouseCoreApi" name="test_route_optimization_generation" time="0.123" /><testcase classname="backend.tests.test_warehouse_core_api.TestWarehouseCoreApi" name="test_analytics_allowed_for_manager" time="0.058" /><testcase classname="backend.tests.test_warehouse_core_api.TestWarehouseCoreApi" name="test_analytics_forbidden_for_staff" time="0.073" /><testcase classname="backend.tests.test_warehouse_core_api.TestWarehouseCoreApi" name="test_alerts_severity_filter" time="0.062" /><testcase classname="backend.tests.test_warehouse_core_api.TestWarehouseCoreApi" name="test_layout_configure_and_state" time="0.130" /><testcase classname="backend.tests.test_warehouse_core_api.TestWarehouseCoreApi" name="test_layout_seed_and_retrieval_simulation" time="0.126" /><testcase classname="backend.tests.test_warehouse_core_api.TestWarehouseCoreApi" name="test_layout_analytics_style_permission_for_staff" time="0.116" /></testsuite></testsuites>